This file contains any messages produced by compilers while
running configure, to aid debugging if configure makes a mistake.

It was created by anubis configure 1.1.2, which was
generated by GNU Autoconf 2.69.  Invocation command line was

  $ ./configure --with-libnet=/usr/local/TU/libnet --with-libdnet=/usr/local/TU/libdnet --with-libpcap=/usr/local/TU/libpcap --with-openssl=/usr/local/TU/openssl/darwin64-x86_64-cc --prefix=/usr/local

## --------- ##
## Platform. ##
## --------- ##

hostname = TUTU-MacBook-Pro-Retina.local
uname -m = x86_64
uname -r = 15.2.0
uname -s = Darwin
uname -v = Darwin Kernel Version 15.2.0: Fri Nov 13 19:56:56 PST 2015; root:xnu-3248.20.55~2/RELEASE_X86_64

/usr/bin/uname -p = i386
/bin/uname -X     = unknown

/bin/arch              = unknown
/usr/bin/arch -k       = unknown
/usr/convex/getsysinfo = unknown
/usr/bin/hostinfo      = Mach kernel version:
	 Darwin Kernel Version 15.2.0: Fri Nov 13 19:56:56 PST 2015; root:xnu-3248.20.55~2/RELEASE_X86_64
Kernel configured for up to 4 processors.
2 processors are physically available.
4 processors are logically available.
Processor type: x86_64h (Intel x86-64h Haswell)
Processors active: 0 1 2 3
Primary memory available: 16.00 gigabytes
Default processor set: 309 tasks, 1668 threads, 4 processors
Load average: 6.40, Mach factor: 0.98
/bin/machine           = unknown
/usr/bin/oslevel       = unknown
/bin/universe          = unknown

PATH: /Users/TUTU/bin
PATH: /usr/local/bin
PATH: /usr/local/sbin
PATH: /opt/local/bin
PATH: /opt/local/sbin
PATH: /Library/Frameworks/Python.framework/Versions/3.4/bin
PATH: /usr/local/bin
PATH: /usr/bin
PATH: /bin
PATH: /usr/sbin
PATH: /sbin
PATH: /opt/X11/bin
PATH: /usr/local/share/metasploit-framework
PATH: /opt/iOSOpenDev/bin
PATH: /opt/theos/bin
PATH: /Users/TUTU/.rvm/bin


## ----------- ##
## Core tests. ##
## ----------- ##

configure:2387: checking for a BSD-compatible install
configure:2455: result: /usr/bin/install -c
configure:2466: checking whether build environment is sane
configure:2521: result: yes
configure:2672: checking for a thread-safe mkdir -p
configure:2711: result: ./install-sh -c -d
configure:2718: checking for gawk
configure:2748: result: no
configure:2718: checking for mawk
configure:2748: result: no
configure:2718: checking for nawk
configure:2748: result: no
configure:2718: checking for awk
configure:2734: found /usr/bin/awk
configure:2745: result: awk
configure:2756: checking whether make sets $(MAKE)
configure:2778: result: yes
configure:2807: checking whether make supports nested variables
configure:2824: result: yes
configure:3010: checking for gcc
configure:3026: found /usr/bin/gcc
configure:3037: result: gcc
configure:3266: checking for C compiler version
configure:3275: gcc --version >&5
Apple LLVM version 7.3.0 (clang-703.0.31)
Target: x86_64-apple-darwin15.2.0
Thread model: posix
InstalledDir: /Applications/Xcode-7.3.1.app/Contents/Developer/Toolchains/XcodeDefault.xctoolchain/usr/bin
Configured with: --prefix=/Applications/Xcode-7.3.1.app/Contents/Developer/usr --with-gxx-include-dir=/usr/include/c++/4.2.1
configure:3286: $? = 0
configure:3275: gcc -v >&5
Configured with: --prefix=/Applications/Xcode-7.3.1.app/Contents/Developer/usr --with-gxx-include-dir=/usr/include/c++/4.2.1
Apple LLVM version 7.3.0 (clang-703.0.31)
Target: x86_64-apple-darwin15.2.0
Thread model: posix
InstalledDir: /Applications/Xcode-7.3.1.app/Contents/Developer/Toolchains/XcodeDefault.xctoolchain/usr/bin
configure:3286: $? = 0
configure:3275: gcc -V >&5
clang: error: argument to '-V' is missing (expected 1 value)
clang: error: no input files
configure:3286: $? = 1
configure:3275: gcc -qversion >&5
clang: error: unknown argument: '-qversion'
clang: error: no input files
configure:3286: $? = 1
configure:3306: checking whether the C compiler works
configure:3328: gcc    conftest.c  >&5
configure:3332: $? = 0
configure:3380: result: yes
configure:3383: checking for C compiler default output file name
configure:3385: result: a.out
configure:3391: checking for suffix of executables
configure:3398: gcc -o conftest    conftest.c  >&5
configure:3402: $? = 0
configure:3424: result: 
configure:3446: checking whether we are cross compiling
configure:3454: gcc -o conftest    conftest.c  >&5
configure:3458: $? = 0
configure:3465: ./conftest
configure:3469: $? = 0
configure:3484: result: no
configure:3489: checking for suffix of object files
configure:3511: gcc -c   conftest.c >&5
configure:3515: $? = 0
configure:3536: result: o
configure:3540: checking whether we are using the GNU C compiler
configure:3559: gcc -c   conftest.c >&5
configure:3559: $? = 0
configure:3568: result: yes
configure:3577: checking whether gcc accepts -g
configure:3597: gcc -c -g  conftest.c >&5
configure:3597: $? = 0
configure:3638: result: yes
configure:3655: checking for gcc option to accept ISO C89
configure:3718: gcc  -c -g -O2  conftest.c >&5
configure:3718: $? = 0
configure:3731: result: none needed
configure:3756: checking whether gcc understands -c and -o together
configure:3778: gcc -c conftest.c -o conftest2.o
configure:3781: $? = 0
configure:3778: gcc -c conftest.c -o conftest2.o
configure:3781: $? = 0
configure:3793: result: yes
configure:3821: checking for style of include used by make
configure:3849: result: GNU
configure:3875: checking dependency style of gcc
configure:3986: result: gcc3
configure:4013: checking how to run the C preprocessor
configure:4044: gcc -E  conftest.c
configure:4044: $? = 0
configure:4058: gcc -E  conftest.c
conftest.c:11:10: fatal error: 'ac_nonexistent.h' file not found
#include <ac_nonexistent.h>
         ^
1 error generated.
configure:4058: $? = 1
configure: failed program was:
| /* confdefs.h */
| #define PACKAGE_NAME "anubis"
| #define PACKAGE_TARNAME "anubis"
| #define PACKAGE_VERSION "1.1.2"
| #define PACKAGE_STRING "anubis 1.1.2"
| #define PACKAGE_BUGREPORT "jr89197@hotmail.com"
| #define PACKAGE_URL ""
| #define PACKAGE "anubis"
| #define VERSION "1.1.2"
| /* end confdefs.h.  */
| #include <ac_nonexistent.h>
configure:4083: result: gcc -E
configure:4103: gcc -E  conftest.c
configure:4103: $? = 0
configure:4117: gcc -E  conftest.c
conftest.c:11:10: fatal error: 'ac_nonexistent.h' file not found
#include <ac_nonexistent.h>
         ^
1 error generated.
configure:4117: $? = 1
configure: failed program was:
| /* confdefs.h */
| #define PACKAGE_NAME "anubis"
| #define PACKAGE_TARNAME "anubis"
| #define PACKAGE_VERSION "1.1.2"
| #define PACKAGE_STRING "anubis 1.1.2"
| #define PACKAGE_BUGREPORT "jr89197@hotmail.com"
| #define PACKAGE_URL ""
| #define PACKAGE "anubis"
| #define VERSION "1.1.2"
| /* end confdefs.h.  */
| #include <ac_nonexistent.h>
configure:4146: checking for grep that handles long lines and -e
configure:4204: result: /usr/bin/grep
configure:4209: checking for egrep
configure:4271: result: /usr/bin/grep -E
configure:4276: checking for ANSI C header files
configure:4296: gcc -c -g -O2  conftest.c >&5
configure:4296: $? = 0
configure:4369: gcc -o conftest -g -O2   conftest.c  >&5
configure:4369: $? = 0
configure:4369: ./conftest
configure:4369: $? = 0
configure:4380: result: yes
configure:4393: checking for sys/types.h
configure:4393: gcc -c -g -O2  conftest.c >&5
configure:4393: $? = 0
configure:4393: result: yes
configure:4393: checking for sys/stat.h
configure:4393: gcc -c -g -O2  conftest.c >&5
configure:4393: $? = 0
configure:4393: result: yes
configure:4393: checking for stdlib.h
configure:4393: gcc -c -g -O2  conftest.c >&5
configure:4393: $? = 0
configure:4393: result: yes
configure:4393: checking for string.h
configure:4393: gcc -c -g -O2  conftest.c >&5
configure:4393: $? = 0
configure:4393: result: yes
configure:4393: checking for memory.h
configure:4393: gcc -c -g -O2  conftest.c >&5
configure:4393: $? = 0
configure:4393: result: yes
configure:4393: checking for strings.h
configure:4393: gcc -c -g -O2  conftest.c >&5
configure:4393: $? = 0
configure:4393: result: yes
configure:4393: checking for inttypes.h
configure:4393: gcc -c -g -O2  conftest.c >&5
configure:4393: $? = 0
configure:4393: result: yes
configure:4393: checking for stdint.h
configure:4393: gcc -c -g -O2  conftest.c >&5
configure:4393: $? = 0
configure:4393: result: yes
configure:4393: checking for unistd.h
configure:4393: gcc -c -g -O2  conftest.c >&5
configure:4393: $? = 0
configure:4393: result: yes
configure:4408: checking arpa/inet.h usability
configure:4408: gcc -c -g -O2  conftest.c >&5
configure:4408: $? = 0
configure:4408: result: yes
configure:4408: checking arpa/inet.h presence
configure:4408: gcc -E  conftest.c
configure:4408: $? = 0
configure:4408: result: yes
configure:4408: checking for arpa/inet.h
configure:4408: result: yes
configure:4408: checking fcntl.h usability
configure:4408: gcc -c -g -O2  conftest.c >&5
configure:4408: $? = 0
configure:4408: result: yes
configure:4408: checking fcntl.h presence
configure:4408: gcc -E  conftest.c
configure:4408: $? = 0
configure:4408: result: yes
configure:4408: checking for fcntl.h
configure:4408: result: yes
configure:4408: checking for inttypes.h
configure:4408: result: yes
configure:4408: checking limits.h usability
configure:4408: gcc -c -g -O2  conftest.c >&5
configure:4408: $? = 0
configure:4408: result: yes
configure:4408: checking limits.h presence
configure:4408: gcc -E  conftest.c
configure:4408: $? = 0
configure:4408: result: yes
configure:4408: checking for limits.h
configure:4408: result: yes
configure:4408: checking netdb.h usability
configure:4408: gcc -c -g -O2  conftest.c >&5
configure:4408: $? = 0
configure:4408: result: yes
configure:4408: checking netdb.h presence
configure:4408: gcc -E  conftest.c
configure:4408: $? = 0
configure:4408: result: yes
configure:4408: checking for netdb.h
configure:4408: result: yes
configure:4408: checking netinet/in.h usability
configure:4408: gcc -c -g -O2  conftest.c >&5
configure:4408: $? = 0
configure:4408: result: yes
configure:4408: checking netinet/in.h presence
configure:4408: gcc -E  conftest.c
configure:4408: $? = 0
configure:4408: result: yes
configure:4408: checking for netinet/in.h
configure:4408: result: yes
configure:4408: checking for stdint.h
configure:4408: result: yes
configure:4408: checking for stdlib.h
configure:4408: result: yes
configure:4408: checking for string.h
configure:4408: result: yes
configure:4408: checking sys/param.h usability
configure:4408: gcc -c -g -O2  conftest.c >&5
configure:4408: $? = 0
configure:4408: result: yes
configure:4408: checking sys/param.h presence
configure:4408: gcc -E  conftest.c
configure:4408: $? = 0
configure:4408: result: yes
configure:4408: checking for sys/param.h
configure:4408: result: yes
configure:4408: checking sys/socket.h usability
configure:4408: gcc -c -g -O2  conftest.c >&5
configure:4408: $? = 0
configure:4408: result: yes
configure:4408: checking sys/socket.h presence
configure:4408: gcc -E  conftest.c
configure:4408: $? = 0
configure:4408: result: yes
configure:4408: checking for sys/socket.h
configure:4408: result: yes
configure:4408: checking sys/time.h usability
configure:4408: gcc -c -g -O2  conftest.c >&5
configure:4408: $? = 0
configure:4408: result: yes
configure:4408: checking sys/time.h presence
configure:4408: gcc -E  conftest.c
configure:4408: $? = 0
configure:4408: result: yes
configure:4408: checking for sys/time.h
configure:4408: result: yes
configure:4408: checking for unistd.h
configure:4408: result: yes
configure:4408: checking wchar.h usability
configure:4408: gcc -c -g -O2  conftest.c >&5
configure:4408: $? = 0
configure:4408: result: yes
configure:4408: checking wchar.h presence
configure:4408: gcc -E  conftest.c
configure:4408: $? = 0
configure:4408: result: yes
configure:4408: checking for wchar.h
configure:4408: result: yes
configure:4408: checking stddef.h usability
configure:4408: gcc -c -g -O2  conftest.c >&5
configure:4408: $? = 0
configure:4408: result: yes
configure:4408: checking stddef.h presence
configure:4408: gcc -E  conftest.c
configure:4408: $? = 0
configure:4408: result: yes
configure:4408: checking for stddef.h
configure:4408: result: yes
configure:4420: checking for stdbool.h that conforms to C99
configure:4487: gcc -c -g -O2  conftest.c >&5
conftest.c:85:24: warning: address of 's' will always evaluate to 'true' [-Wpointer-bool-conversion]
             bool e = &s;
                  ~    ^
conftest.c:89:23: warning: address of array 'a' will always evaluate to 'true' [-Wpointer-bool-conversion]
             return (!a + !b + !c + !d + !e + !f + !g + !h + !i + !!j + !k + !!l
                     ~^
conftest.c:89:28: warning: address of array 'b' will always evaluate to 'true' [-Wpointer-bool-conversion]
             return (!a + !b + !c + !d + !e + !f + !g + !h + !i + !!j + !k + !!l
                          ~^
conftest.c:89:33: warning: address of array 'c' will always evaluate to 'true' [-Wpointer-bool-conversion]
             return (!a + !b + !c + !d + !e + !f + !g + !h + !i + !!j + !k + !!l
                               ~^
conftest.c:89:38: warning: address of array 'd' will always evaluate to 'true' [-Wpointer-bool-conversion]
             return (!a + !b + !c + !d + !e + !f + !g + !h + !i + !!j + !k + !!l
                                    ~^
conftest.c:89:48: warning: address of array 'f' will always evaluate to 'true' [-Wpointer-bool-conversion]
             return (!a + !b + !c + !d + !e + !f + !g + !h + !i + !!j + !k + !!l
                                              ~^
conftest.c:89:53: warning: address of array 'g' will always evaluate to 'true' [-Wpointer-bool-conversion]
             return (!a + !b + !c + !d + !e + !f + !g + !h + !i + !!j + !k + !!l
                                                   ~^
conftest.c:89:58: warning: address of array 'h' will always evaluate to 'true' [-Wpointer-bool-conversion]
             return (!a + !b + !c + !d + !e + !f + !g + !h + !i + !!j + !k + !!l
                                                        ~^
conftest.c:89:63: warning: address of array 'i' will always evaluate to 'true' [-Wpointer-bool-conversion]
             return (!a + !b + !c + !d + !e + !f + !g + !h + !i + !!j + !k + !!l
                                                             ~^
conftest.c:90:30: warning: address of array 'n' will always evaluate to 'true' [-Wpointer-bool-conversion]
                            ~^
conftest.c:90:35: warning: address of array 'o' will always evaluate to 'true' [-Wpointer-bool-conversion]
                                 ~^
conftest.c:90:40: warning: address of array 'p' will always evaluate to 'true' [-Wpointer-bool-conversion]
                                      ~^
12 warnings generated.
configure:4487: $? = 0
configure:4494: result: yes
configure:4496: checking for _Bool
configure:4496: gcc -c -g -O2  conftest.c >&5
configure:4496: $? = 0
configure:4496: gcc -c -g -O2  conftest.c >&5
conftest.c:72:20: error: expected expression
if (sizeof ((_Bool)))
                   ^
1 error generated.
configure:4496: $? = 1
configure: failed program was:
| /* confdefs.h */
| #define PACKAGE_NAME "anubis"
| #define PACKAGE_TARNAME "anubis"
| #define PACKAGE_VERSION "1.1.2"
| #define PACKAGE_STRING "anubis 1.1.2"
| #define PACKAGE_BUGREPORT "jr89197@hotmail.com"
| #define PACKAGE_URL ""
| #define PACKAGE "anubis"
| #define VERSION "1.1.2"
| #define STDC_HEADERS 1
| #define HAVE_SYS_TYPES_H 1
| #define HAVE_SYS_STAT_H 1
| #define HAVE_STDLIB_H 1
| #define HAVE_STRING_H 1
| #define HAVE_MEMORY_H 1
| #define HAVE_STRINGS_H 1
| #define HAVE_INTTYPES_H 1
| #define HAVE_STDINT_H 1
| #define HAVE_UNISTD_H 1
| #define HAVE_ARPA_INET_H 1
| #define HAVE_FCNTL_H 1
| #define HAVE_INTTYPES_H 1
| #define HAVE_LIMITS_H 1
| #define HAVE_NETDB_H 1
| #define HAVE_NETINET_IN_H 1
| #define HAVE_STDINT_H 1
| #define HAVE_STDLIB_H 1
| #define HAVE_STRING_H 1
| #define HAVE_SYS_PARAM_H 1
| #define HAVE_SYS_SOCKET_H 1
| #define HAVE_SYS_TIME_H 1
| #define HAVE_UNISTD_H 1
| #define HAVE_WCHAR_H 1
| #define HAVE_STDDEF_H 1
| /* end confdefs.h.  */
| #include <stdio.h>
| #ifdef HAVE_SYS_TYPES_H
| # include <sys/types.h>
| #endif
| #ifdef HAVE_SYS_STAT_H
| # include <sys/stat.h>
| #endif
| #ifdef STDC_HEADERS
| # include <stdlib.h>
| # include <stddef.h>
| #else
| # ifdef HAVE_STDLIB_H
| #  include <stdlib.h>
| # endif
| #endif
| #ifdef HAVE_STRING_H
| # if !defined STDC_HEADERS && defined HAVE_MEMORY_H
| #  include <memory.h>
| # endif
| # include <string.h>
| #endif
| #ifdef HAVE_STRINGS_H
| # include <strings.h>
| #endif
| #ifdef HAVE_INTTYPES_H
| # include <inttypes.h>
| #endif
| #ifdef HAVE_STDINT_H
| # include <stdint.h>
| #endif
| #ifdef HAVE_UNISTD_H
| # include <unistd.h>
| #endif
| int
| main ()
| {
| if (sizeof ((_Bool)))
| 	    return 0;
|   ;
|   return 0;
| }
configure:4496: result: yes
configure:4507: checking for inline
configure:4523: gcc -c -g -O2  conftest.c >&5
configure:4523: $? = 0
configure:4531: result: inline
configure:4549: checking for int16_t
configure:4549: gcc -c -g -O2  conftest.c >&5
configure:4549: $? = 0
configure:4549: gcc -c -g -O2  conftest.c >&5
conftest.c:74:24: error: 'test_array' declared as an array with a negative size
static int test_array [1 - 2 * !((int16_t) (((((int16_t) 1 << N) << N) - 1) * 2 + 1)
                       ^~~~~~~~~~~~~~~~~~~~~~~~~~~~~~~~~~~~~~~~~~~~~~~~~~~~~~~~~~~~~
1 error generated.
configure:4549: $? = 1
configure: failed program was:
| /* confdefs.h */
| #define PACKAGE_NAME "anubis"
| #define PACKAGE_TARNAME "anubis"
| #define PACKAGE_VERSION "1.1.2"
| #define PACKAGE_STRING "anubis 1.1.2"
| #define PACKAGE_BUGREPORT "jr89197@hotmail.com"
| #define PACKAGE_URL ""
| #define PACKAGE "anubis"
| #define VERSION "1.1.2"
| #define STDC_HEADERS 1
| #define HAVE_SYS_TYPES_H 1
| #define HAVE_SYS_STAT_H 1
| #define HAVE_STDLIB_H 1
| #define HAVE_STRING_H 1
| #define HAVE_MEMORY_H 1
| #define HAVE_STRINGS_H 1
| #define HAVE_INTTYPES_H 1
| #define HAVE_STDINT_H 1
| #define HAVE_UNISTD_H 1
| #define HAVE_ARPA_INET_H 1
| #define HAVE_FCNTL_H 1
| #define HAVE_INTTYPES_H 1
| #define HAVE_LIMITS_H 1
| #define HAVE_NETDB_H 1
| #define HAVE_NETINET_IN_H 1
| #define HAVE_STDINT_H 1
| #define HAVE_STDLIB_H 1
| #define HAVE_STRING_H 1
| #define HAVE_SYS_PARAM_H 1
| #define HAVE_SYS_SOCKET_H 1
| #define HAVE_SYS_TIME_H 1
| #define HAVE_UNISTD_H 1
| #define HAVE_WCHAR_H 1
| #define HAVE_STDDEF_H 1
| #define HAVE__BOOL 1
| /* end confdefs.h.  */
| #include <stdio.h>
| #ifdef HAVE_SYS_TYPES_H
| # include <sys/types.h>
| #endif
| #ifdef HAVE_SYS_STAT_H
| # include <sys/stat.h>
| #endif
| #ifdef STDC_HEADERS
| # include <stdlib.h>
| # include <stddef.h>
| #else
| # ifdef HAVE_STDLIB_H
| #  include <stdlib.h>
| # endif
| #endif
| #ifdef HAVE_STRING_H
| # if !defined STDC_HEADERS && defined HAVE_MEMORY_H
| #  include <memory.h>
| # endif
| # include <string.h>
| #endif
| #ifdef HAVE_STRINGS_H
| # include <strings.h>
| #endif
| #ifdef HAVE_INTTYPES_H
| # include <inttypes.h>
| #endif
| #ifdef HAVE_STDINT_H
| # include <stdint.h>
| #endif
| #ifdef HAVE_UNISTD_H
| # include <unistd.h>
| #endif
| 	        enum { N = 16 / 2 - 1 };
| int
| main ()
| {
| static int test_array [1 - 2 * !((int16_t) (((((int16_t) 1 << N) << N) - 1) * 2 + 1)
| 		 < (int16_t) (((((int16_t) 1 << N) << N) - 1) * 2 + 2))];
| test_array [0] = 0;
| return test_array [0];
| 
|   ;
|   return 0;
| }
configure:4549: result: yes
configure:4560: checking for int32_t
configure:4560: gcc -c -g -O2  conftest.c >&5
configure:4560: $? = 0
configure:4560: gcc -c -g -O2  conftest.c >&5
conftest.c:74:24: error: 'test_array' declared as an array with a negative size
static int test_array [1 - 2 * !((int32_t) (((((int32_t) 1 << N) << N) - 1) * 2 + 1)
                       ^~~~~~~~~~~~~~~~~~~~~~~~~~~~~~~~~~~~~~~~~~~~~~~~~~~~~~~~~~~~~
1 error generated.
configure:4560: $? = 1
configure: failed program was:
| /* confdefs.h */
| #define PACKAGE_NAME "anubis"
| #define PACKAGE_TARNAME "anubis"
| #define PACKAGE_VERSION "1.1.2"
| #define PACKAGE_STRING "anubis 1.1.2"
| #define PACKAGE_BUGREPORT "jr89197@hotmail.com"
| #define PACKAGE_URL ""
| #define PACKAGE "anubis"
| #define VERSION "1.1.2"
| #define STDC_HEADERS 1
| #define HAVE_SYS_TYPES_H 1
| #define HAVE_SYS_STAT_H 1
| #define HAVE_STDLIB_H 1
| #define HAVE_STRING_H 1
| #define HAVE_MEMORY_H 1
| #define HAVE_STRINGS_H 1
| #define HAVE_INTTYPES_H 1
| #define HAVE_STDINT_H 1
| #define HAVE_UNISTD_H 1
| #define HAVE_ARPA_INET_H 1
| #define HAVE_FCNTL_H 1
| #define HAVE_INTTYPES_H 1
| #define HAVE_LIMITS_H 1
| #define HAVE_NETDB_H 1
| #define HAVE_NETINET_IN_H 1
| #define HAVE_STDINT_H 1
| #define HAVE_STDLIB_H 1
| #define HAVE_STRING_H 1
| #define HAVE_SYS_PARAM_H 1
| #define HAVE_SYS_SOCKET_H 1
| #define HAVE_SYS_TIME_H 1
| #define HAVE_UNISTD_H 1
| #define HAVE_WCHAR_H 1
| #define HAVE_STDDEF_H 1
| #define HAVE__BOOL 1
| /* end confdefs.h.  */
| #include <stdio.h>
| #ifdef HAVE_SYS_TYPES_H
| # include <sys/types.h>
| #endif
| #ifdef HAVE_SYS_STAT_H
| # include <sys/stat.h>
| #endif
| #ifdef STDC_HEADERS
| # include <stdlib.h>
| # include <stddef.h>
| #else
| # ifdef HAVE_STDLIB_H
| #  include <stdlib.h>
| # endif
| #endif
| #ifdef HAVE_STRING_H
| # if !defined STDC_HEADERS && defined HAVE_MEMORY_H
| #  include <memory.h>
| # endif
| # include <string.h>
| #endif
| #ifdef HAVE_STRINGS_H
| # include <strings.h>
| #endif
| #ifdef HAVE_INTTYPES_H
| # include <inttypes.h>
| #endif
| #ifdef HAVE_STDINT_H
| # include <stdint.h>
| #endif
| #ifdef HAVE_UNISTD_H
| # include <unistd.h>
| #endif
| 	        enum { N = 32 / 2 - 1 };
| int
| main ()
| {
| static int test_array [1 - 2 * !((int32_t) (((((int32_t) 1 << N) << N) - 1) * 2 + 1)
| 		 < (int32_t) (((((int32_t) 1 << N) << N) - 1) * 2 + 2))];
| test_array [0] = 0;
| return test_array [0];
| 
|   ;
|   return 0;
| }
configure:4560: result: yes
configure:4571: checking for int64_t
configure:4571: gcc -c -g -O2  conftest.c >&5
configure:4571: $? = 0
configure:4571: gcc -c -g -O2  conftest.c >&5
conftest.c:74:24: error: 'test_array' declared as an array with a negative size
static int test_array [1 - 2 * !((int64_t) (((((int64_t) 1 << N) << N) - 1) * 2 + 1)
                       ^~~~~~~~~~~~~~~~~~~~~~~~~~~~~~~~~~~~~~~~~~~~~~~~~~~~~~~~~~~~~
1 error generated.
configure:4571: $? = 1
configure: failed program was:
| /* confdefs.h */
| #define PACKAGE_NAME "anubis"
| #define PACKAGE_TARNAME "anubis"
| #define PACKAGE_VERSION "1.1.2"
| #define PACKAGE_STRING "anubis 1.1.2"
| #define PACKAGE_BUGREPORT "jr89197@hotmail.com"
| #define PACKAGE_URL ""
| #define PACKAGE "anubis"
| #define VERSION "1.1.2"
| #define STDC_HEADERS 1
| #define HAVE_SYS_TYPES_H 1
| #define HAVE_SYS_STAT_H 1
| #define HAVE_STDLIB_H 1
| #define HAVE_STRING_H 1
| #define HAVE_MEMORY_H 1
| #define HAVE_STRINGS_H 1
| #define HAVE_INTTYPES_H 1
| #define HAVE_STDINT_H 1
| #define HAVE_UNISTD_H 1
| #define HAVE_ARPA_INET_H 1
| #define HAVE_FCNTL_H 1
| #define HAVE_INTTYPES_H 1
| #define HAVE_LIMITS_H 1
| #define HAVE_NETDB_H 1
| #define HAVE_NETINET_IN_H 1
| #define HAVE_STDINT_H 1
| #define HAVE_STDLIB_H 1
| #define HAVE_STRING_H 1
| #define HAVE_SYS_PARAM_H 1
| #define HAVE_SYS_SOCKET_H 1
| #define HAVE_SYS_TIME_H 1
| #define HAVE_UNISTD_H 1
| #define HAVE_WCHAR_H 1
| #define HAVE_STDDEF_H 1
| #define HAVE__BOOL 1
| /* end confdefs.h.  */
| #include <stdio.h>
| #ifdef HAVE_SYS_TYPES_H
| # include <sys/types.h>
| #endif
| #ifdef HAVE_SYS_STAT_H
| # include <sys/stat.h>
| #endif
| #ifdef STDC_HEADERS
| # include <stdlib.h>
| # include <stddef.h>
| #else
| # ifdef HAVE_STDLIB_H
| #  include <stdlib.h>
| # endif
| #endif
| #ifdef HAVE_STRING_H
| # if !defined STDC_HEADERS && defined HAVE_MEMORY_H
| #  include <memory.h>
| # endif
| # include <string.h>
| #endif
| #ifdef HAVE_STRINGS_H
| # include <strings.h>
| #endif
| #ifdef HAVE_INTTYPES_H
| # include <inttypes.h>
| #endif
| #ifdef HAVE_STDINT_H
| # include <stdint.h>
| #endif
| #ifdef HAVE_UNISTD_H
| # include <unistd.h>
| #endif
| 	        enum { N = 64 / 2 - 1 };
| int
| main ()
| {
| static int test_array [1 - 2 * !((int64_t) (((((int64_t) 1 << N) << N) - 1) * 2 + 1)
| 		 < (int64_t) (((((int64_t) 1 << N) << N) - 1) * 2 + 2))];
| test_array [0] = 0;
| return test_array [0];
| 
|   ;
|   return 0;
| }
configure:4571: result: yes
configure:4582: checking for int8_t
configure:4582: gcc -c -g -O2  conftest.c >&5
configure:4582: $? = 0
configure:4582: gcc -c -g -O2  conftest.c >&5
conftest.c:74:24: error: 'test_array' declared as an array with a negative size
static int test_array [1 - 2 * !((int8_t) (((((int8_t) 1 << N) << N) - 1) * 2 + 1)
                       ^~~~~~~~~~~~~~~~~~~~~~~~~~~~~~~~~~~~~~~~~~~~~~~~~~~~~~~~~~~
1 error generated.
configure:4582: $? = 1
configure: failed program was:
| /* confdefs.h */
| #define PACKAGE_NAME "anubis"
| #define PACKAGE_TARNAME "anubis"
| #define PACKAGE_VERSION "1.1.2"
| #define PACKAGE_STRING "anubis 1.1.2"
| #define PACKAGE_BUGREPORT "jr89197@hotmail.com"
| #define PACKAGE_URL ""
| #define PACKAGE "anubis"
| #define VERSION "1.1.2"
| #define STDC_HEADERS 1
| #define HAVE_SYS_TYPES_H 1
| #define HAVE_SYS_STAT_H 1
| #define HAVE_STDLIB_H 1
| #define HAVE_STRING_H 1
| #define HAVE_MEMORY_H 1
| #define HAVE_STRINGS_H 1
| #define HAVE_INTTYPES_H 1
| #define HAVE_STDINT_H 1
| #define HAVE_UNISTD_H 1
| #define HAVE_ARPA_INET_H 1
| #define HAVE_FCNTL_H 1
| #define HAVE_INTTYPES_H 1
| #define HAVE_LIMITS_H 1
| #define HAVE_NETDB_H 1
| #define HAVE_NETINET_IN_H 1
| #define HAVE_STDINT_H 1
| #define HAVE_STDLIB_H 1
| #define HAVE_STRING_H 1
| #define HAVE_SYS_PARAM_H 1
| #define HAVE_SYS_SOCKET_H 1
| #define HAVE_SYS_TIME_H 1
| #define HAVE_UNISTD_H 1
| #define HAVE_WCHAR_H 1
| #define HAVE_STDDEF_H 1
| #define HAVE__BOOL 1
| /* end confdefs.h.  */
| #include <stdio.h>
| #ifdef HAVE_SYS_TYPES_H
| # include <sys/types.h>
| #endif
| #ifdef HAVE_SYS_STAT_H
| # include <sys/stat.h>
| #endif
| #ifdef STDC_HEADERS
| # include <stdlib.h>
| # include <stddef.h>
| #else
| # ifdef HAVE_STDLIB_H
| #  include <stdlib.h>
| # endif
| #endif
| #ifdef HAVE_STRING_H
| # if !defined STDC_HEADERS && defined HAVE_MEMORY_H
| #  include <memory.h>
| # endif
| # include <string.h>
| #endif
| #ifdef HAVE_STRINGS_H
| # include <strings.h>
| #endif
| #ifdef HAVE_INTTYPES_H
| # include <inttypes.h>
| #endif
| #ifdef HAVE_STDINT_H
| # include <stdint.h>
| #endif
| #ifdef HAVE_UNISTD_H
| # include <unistd.h>
| #endif
| 	        enum { N = 8 / 2 - 1 };
| int
| main ()
| {
| static int test_array [1 - 2 * !((int8_t) (((((int8_t) 1 << N) << N) - 1) * 2 + 1)
| 		 < (int8_t) (((((int8_t) 1 << N) << N) - 1) * 2 + 2))];
| test_array [0] = 0;
| return test_array [0];
| 
|   ;
|   return 0;
| }
configure:4582: result: yes
configure:4593: checking for pid_t
configure:4593: gcc -c -g -O2  conftest.c >&5
configure:4593: $? = 0
configure:4593: gcc -c -g -O2  conftest.c >&5
conftest.c:73:20: error: expected expression
if (sizeof ((pid_t)))
                   ^
1 error generated.
configure:4593: $? = 1
configure: failed program was:
| /* confdefs.h */
| #define PACKAGE_NAME "anubis"
| #define PACKAGE_TARNAME "anubis"
| #define PACKAGE_VERSION "1.1.2"
| #define PACKAGE_STRING "anubis 1.1.2"
| #define PACKAGE_BUGREPORT "jr89197@hotmail.com"
| #define PACKAGE_URL ""
| #define PACKAGE "anubis"
| #define VERSION "1.1.2"
| #define STDC_HEADERS 1
| #define HAVE_SYS_TYPES_H 1
| #define HAVE_SYS_STAT_H 1
| #define HAVE_STDLIB_H 1
| #define HAVE_STRING_H 1
| #define HAVE_MEMORY_H 1
| #define HAVE_STRINGS_H 1
| #define HAVE_INTTYPES_H 1
| #define HAVE_STDINT_H 1
| #define HAVE_UNISTD_H 1
| #define HAVE_ARPA_INET_H 1
| #define HAVE_FCNTL_H 1
| #define HAVE_INTTYPES_H 1
| #define HAVE_LIMITS_H 1
| #define HAVE_NETDB_H 1
| #define HAVE_NETINET_IN_H 1
| #define HAVE_STDINT_H 1
| #define HAVE_STDLIB_H 1
| #define HAVE_STRING_H 1
| #define HAVE_SYS_PARAM_H 1
| #define HAVE_SYS_SOCKET_H 1
| #define HAVE_SYS_TIME_H 1
| #define HAVE_UNISTD_H 1
| #define HAVE_WCHAR_H 1
| #define HAVE_STDDEF_H 1
| #define HAVE__BOOL 1
| /* end confdefs.h.  */
| #include <stdio.h>
| #ifdef HAVE_SYS_TYPES_H
| # include <sys/types.h>
| #endif
| #ifdef HAVE_SYS_STAT_H
| # include <sys/stat.h>
| #endif
| #ifdef STDC_HEADERS
| # include <stdlib.h>
| # include <stddef.h>
| #else
| # ifdef HAVE_STDLIB_H
| #  include <stdlib.h>
| # endif
| #endif
| #ifdef HAVE_STRING_H
| # if !defined STDC_HEADERS && defined HAVE_MEMORY_H
| #  include <memory.h>
| # endif
| # include <string.h>
| #endif
| #ifdef HAVE_STRINGS_H
| # include <strings.h>
| #endif
| #ifdef HAVE_INTTYPES_H
| # include <inttypes.h>
| #endif
| #ifdef HAVE_STDINT_H
| # include <stdint.h>
| #endif
| #ifdef HAVE_UNISTD_H
| # include <unistd.h>
| #endif
| int
| main ()
| {
| if (sizeof ((pid_t)))
| 	    return 0;
|   ;
|   return 0;
| }
configure:4593: result: yes
configure:4604: checking for size_t
configure:4604: gcc -c -g -O2  conftest.c >&5
configure:4604: $? = 0
configure:4604: gcc -c -g -O2  conftest.c >&5
conftest.c:73:21: error: expected expression
if (sizeof ((size_t)))
                    ^
1 error generated.
configure:4604: $? = 1
configure: failed program was:
| /* confdefs.h */
| #define PACKAGE_NAME "anubis"
| #define PACKAGE_TARNAME "anubis"
| #define PACKAGE_VERSION "1.1.2"
| #define PACKAGE_STRING "anubis 1.1.2"
| #define PACKAGE_BUGREPORT "jr89197@hotmail.com"
| #define PACKAGE_URL ""
| #define PACKAGE "anubis"
| #define VERSION "1.1.2"
| #define STDC_HEADERS 1
| #define HAVE_SYS_TYPES_H 1
| #define HAVE_SYS_STAT_H 1
| #define HAVE_STDLIB_H 1
| #define HAVE_STRING_H 1
| #define HAVE_MEMORY_H 1
| #define HAVE_STRINGS_H 1
| #define HAVE_INTTYPES_H 1
| #define HAVE_STDINT_H 1
| #define HAVE_UNISTD_H 1
| #define HAVE_ARPA_INET_H 1
| #define HAVE_FCNTL_H 1
| #define HAVE_INTTYPES_H 1
| #define HAVE_LIMITS_H 1
| #define HAVE_NETDB_H 1
| #define HAVE_NETINET_IN_H 1
| #define HAVE_STDINT_H 1
| #define HAVE_STDLIB_H 1
| #define HAVE_STRING_H 1
| #define HAVE_SYS_PARAM_H 1
| #define HAVE_SYS_SOCKET_H 1
| #define HAVE_SYS_TIME_H 1
| #define HAVE_UNISTD_H 1
| #define HAVE_WCHAR_H 1
| #define HAVE_STDDEF_H 1
| #define HAVE__BOOL 1
| /* end confdefs.h.  */
| #include <stdio.h>
| #ifdef HAVE_SYS_TYPES_H
| # include <sys/types.h>
| #endif
| #ifdef HAVE_SYS_STAT_H
| # include <sys/stat.h>
| #endif
| #ifdef STDC_HEADERS
| # include <stdlib.h>
| # include <stddef.h>
| #else
| # ifdef HAVE_STDLIB_H
| #  include <stdlib.h>
| # endif
| #endif
| #ifdef HAVE_STRING_H
| # if !defined STDC_HEADERS && defined HAVE_MEMORY_H
| #  include <memory.h>
| # endif
| # include <string.h>
| #endif
| #ifdef HAVE_STRINGS_H
| # include <strings.h>
| #endif
| #ifdef HAVE_INTTYPES_H
| # include <inttypes.h>
| #endif
| #ifdef HAVE_STDINT_H
| # include <stdint.h>
| #endif
| #ifdef HAVE_UNISTD_H
| # include <unistd.h>
| #endif
| int
| main ()
| {
| if (sizeof ((size_t)))
| 	    return 0;
|   ;
|   return 0;
| }
configure:4604: result: yes
configure:4615: checking for ssize_t
configure:4615: gcc -c -g -O2  conftest.c >&5
configure:4615: $? = 0
configure:4615: gcc -c -g -O2  conftest.c >&5
conftest.c:73:22: error: expected expression
if (sizeof ((ssize_t)))
                     ^
1 error generated.
configure:4615: $? = 1
configure: failed program was:
| /* confdefs.h */
| #define PACKAGE_NAME "anubis"
| #define PACKAGE_TARNAME "anubis"
| #define PACKAGE_VERSION "1.1.2"
| #define PACKAGE_STRING "anubis 1.1.2"
| #define PACKAGE_BUGREPORT "jr89197@hotmail.com"
| #define PACKAGE_URL ""
| #define PACKAGE "anubis"
| #define VERSION "1.1.2"
| #define STDC_HEADERS 1
| #define HAVE_SYS_TYPES_H 1
| #define HAVE_SYS_STAT_H 1
| #define HAVE_STDLIB_H 1
| #define HAVE_STRING_H 1
| #define HAVE_MEMORY_H 1
| #define HAVE_STRINGS_H 1
| #define HAVE_INTTYPES_H 1
| #define HAVE_STDINT_H 1
| #define HAVE_UNISTD_H 1
| #define HAVE_ARPA_INET_H 1
| #define HAVE_FCNTL_H 1
| #define HAVE_INTTYPES_H 1
| #define HAVE_LIMITS_H 1
| #define HAVE_NETDB_H 1
| #define HAVE_NETINET_IN_H 1
| #define HAVE_STDINT_H 1
| #define HAVE_STDLIB_H 1
| #define HAVE_STRING_H 1
| #define HAVE_SYS_PARAM_H 1
| #define HAVE_SYS_SOCKET_H 1
| #define HAVE_SYS_TIME_H 1
| #define HAVE_UNISTD_H 1
| #define HAVE_WCHAR_H 1
| #define HAVE_STDDEF_H 1
| #define HAVE__BOOL 1
| /* end confdefs.h.  */
| #include <stdio.h>
| #ifdef HAVE_SYS_TYPES_H
| # include <sys/types.h>
| #endif
| #ifdef HAVE_SYS_STAT_H
| # include <sys/stat.h>
| #endif
| #ifdef STDC_HEADERS
| # include <stdlib.h>
| # include <stddef.h>
| #else
| # ifdef HAVE_STDLIB_H
| #  include <stdlib.h>
| # endif
| #endif
| #ifdef HAVE_STRING_H
| # if !defined STDC_HEADERS && defined HAVE_MEMORY_H
| #  include <memory.h>
| # endif
| # include <string.h>
| #endif
| #ifdef HAVE_STRINGS_H
| # include <strings.h>
| #endif
| #ifdef HAVE_INTTYPES_H
| # include <inttypes.h>
| #endif
| #ifdef HAVE_STDINT_H
| # include <stdint.h>
| #endif
| #ifdef HAVE_UNISTD_H
| # include <unistd.h>
| #endif
| int
| main ()
| {
| if (sizeof ((ssize_t)))
| 	    return 0;
|   ;
|   return 0;
| }
configure:4615: result: yes
configure:4626: checking for uint16_t
configure:4626: gcc -c -g -O2  conftest.c >&5
configure:4626: $? = 0
configure:4626: result: yes
configure:4638: checking for uint32_t
configure:4638: gcc -c -g -O2  conftest.c >&5
configure:4638: $? = 0
configure:4638: result: yes
configure:4652: checking for uint64_t
configure:4652: gcc -c -g -O2  conftest.c >&5
configure:4652: $? = 0
configure:4652: result: yes
configure:4666: checking for uint8_t
configure:4666: gcc -c -g -O2  conftest.c >&5
configure:4666: $? = 0
configure:4666: result: yes
configure:4684: checking vfork.h usability
configure:4684: gcc -c -g -O2  conftest.c >&5
conftest.c:70:10: fatal error: 'vfork.h' file not found
#include <vfork.h>
         ^
1 error generated.
configure:4684: $? = 1
configure: failed program was:
| /* confdefs.h */
| #define PACKAGE_NAME "anubis"
| #define PACKAGE_TARNAME "anubis"
| #define PACKAGE_VERSION "1.1.2"
| #define PACKAGE_STRING "anubis 1.1.2"
| #define PACKAGE_BUGREPORT "jr89197@hotmail.com"
| #define PACKAGE_URL ""
| #define PACKAGE "anubis"
| #define VERSION "1.1.2"
| #define STDC_HEADERS 1
| #define HAVE_SYS_TYPES_H 1
| #define HAVE_SYS_STAT_H 1
| #define HAVE_STDLIB_H 1
| #define HAVE_STRING_H 1
| #define HAVE_MEMORY_H 1
| #define HAVE_STRINGS_H 1
| #define HAVE_INTTYPES_H 1
| #define HAVE_STDINT_H 1
| #define HAVE_UNISTD_H 1
| #define HAVE_ARPA_INET_H 1
| #define HAVE_FCNTL_H 1
| #define HAVE_INTTYPES_H 1
| #define HAVE_LIMITS_H 1
| #define HAVE_NETDB_H 1
| #define HAVE_NETINET_IN_H 1
| #define HAVE_STDINT_H 1
| #define HAVE_STDLIB_H 1
| #define HAVE_STRING_H 1
| #define HAVE_SYS_PARAM_H 1
| #define HAVE_SYS_SOCKET_H 1
| #define HAVE_SYS_TIME_H 1
| #define HAVE_UNISTD_H 1
| #define HAVE_WCHAR_H 1
| #define HAVE_STDDEF_H 1
| #define HAVE__BOOL 1
| /* end confdefs.h.  */
| #include <stdio.h>
| #ifdef HAVE_SYS_TYPES_H
| # include <sys/types.h>
| #endif
| #ifdef HAVE_SYS_STAT_H
| # include <sys/stat.h>
| #endif
| #ifdef STDC_HEADERS
| # include <stdlib.h>
| # include <stddef.h>
| #else
| # ifdef HAVE_STDLIB_H
| #  include <stdlib.h>
| # endif
| #endif
| #ifdef HAVE_STRING_H
| # if !defined STDC_HEADERS && defined HAVE_MEMORY_H
| #  include <memory.h>
| # endif
| # include <string.h>
| #endif
| #ifdef HAVE_STRINGS_H
| # include <strings.h>
| #endif
| #ifdef HAVE_INTTYPES_H
| # include <inttypes.h>
| #endif
| #ifdef HAVE_STDINT_H
| # include <stdint.h>
| #endif
| #ifdef HAVE_UNISTD_H
| # include <unistd.h>
| #endif
| #include <vfork.h>
configure:4684: result: no
configure:4684: checking vfork.h presence
configure:4684: gcc -E  conftest.c
conftest.c:37:10: fatal error: 'vfork.h' file not found
#include <vfork.h>
         ^
1 error generated.
configure:4684: $? = 1
configure: failed program was:
| /* confdefs.h */
| #define PACKAGE_NAME "anubis"
| #define PACKAGE_TARNAME "anubis"
| #define PACKAGE_VERSION "1.1.2"
| #define PACKAGE_STRING "anubis 1.1.2"
| #define PACKAGE_BUGREPORT "jr89197@hotmail.com"
| #define PACKAGE_URL ""
| #define PACKAGE "anubis"
| #define VERSION "1.1.2"
| #define STDC_HEADERS 1
| #define HAVE_SYS_TYPES_H 1
| #define HAVE_SYS_STAT_H 1
| #define HAVE_STDLIB_H 1
| #define HAVE_STRING_H 1
| #define HAVE_MEMORY_H 1
| #define HAVE_STRINGS_H 1
| #define HAVE_INTTYPES_H 1
| #define HAVE_STDINT_H 1
| #define HAVE_UNISTD_H 1
| #define HAVE_ARPA_INET_H 1
| #define HAVE_FCNTL_H 1
| #define HAVE_INTTYPES_H 1
| #define HAVE_LIMITS_H 1
| #define HAVE_NETDB_H 1
| #define HAVE_NETINET_IN_H 1
| #define HAVE_STDINT_H 1
| #define HAVE_STDLIB_H 1
| #define HAVE_STRING_H 1
| #define HAVE_SYS_PARAM_H 1
| #define HAVE_SYS_SOCKET_H 1
| #define HAVE_SYS_TIME_H 1
| #define HAVE_UNISTD_H 1
| #define HAVE_WCHAR_H 1
| #define HAVE_STDDEF_H 1
| #define HAVE__BOOL 1
| /* end confdefs.h.  */
| #include <vfork.h>
configure:4684: result: no
configure:4684: checking for vfork.h
configure:4684: result: no
configure:4697: checking for fork
configure:4697: gcc -o conftest -g -O2   conftest.c  >&5
configure:4697: $? = 0
configure:4697: result: yes
configure:4697: checking for vfork
configure:4697: gcc -o conftest -g -O2   conftest.c  >&5
conftest.c:61:6: warning: incompatible redeclaration of library function 'vfork' [-Wincompatible-library-redeclaration]
char vfork ();
     ^
conftest.c:61:6: note: 'vfork' is a builtin with type 'int (void)'
1 warning generated.
configure:4697: $? = 0
configure:4697: result: yes
configure:4707: checking for working fork
configure:4729: gcc -o conftest -g -O2   conftest.c  >&5
configure:4729: $? = 0
configure:4729: ./conftest
configure:4729: $? = 0
configure:4739: result: yes
configure:4760: checking for working vfork
configure:4870: result: yes
configure:4897: checking for stdlib.h
configure:4897: result: yes
configure:4907: checking for GNU libc compatible malloc
configure:4931: gcc -o conftest -g -O2   conftest.c  >&5
configure:4931: $? = 0
configure:4931: ./conftest
configure:4931: $? = 0
configure:4941: result: yes
configure:4964: checking for stdlib.h
configure:4964: result: yes
configure:4974: checking for GNU libc compatible realloc
configure:4998: gcc -o conftest -g -O2   conftest.c  >&5
configure:4998: $? = 0
configure:4998: ./conftest
configure:4998: $? = 0
configure:5008: result: yes
configure:5033: checking for getcwd
configure:5033: gcc -o conftest -g -O2   conftest.c  >&5
configure:5033: $? = 0
configure:5033: result: yes
configure:5033: checking for gettimeofday
configure:5033: gcc -o conftest -g -O2   conftest.c  >&5
configure:5033: $? = 0
configure:5033: result: yes
configure:5033: checking for memmove
configure:5033: gcc -o conftest -g -O2   conftest.c  >&5
conftest.c:70:6: warning: incompatible redeclaration of library function 'memmove' [-Wincompatible-library-redeclaration]
char memmove ();
     ^
conftest.c:70:6: note: 'memmove' is a builtin with type 'void *(void *, const void *, unsigned long)'
1 warning generated.
configure:5033: $? = 0
configure:5033: result: yes
configure:5033: checking for memset
configure:5033: gcc -o conftest -g -O2   conftest.c  >&5
conftest.c:71:6: warning: incompatible redeclaration of library function 'memset' [-Wincompatible-library-redeclaration]
char memset ();
     ^
conftest.c:71:6: note: 'memset' is a builtin with type 'void *(void *, int, unsigned long)'
1 warning generated.
configure:5033: $? = 0
configure:5033: result: yes
configure:5033: checking for pow
configure:5033: gcc -o conftest -g -O2   conftest.c  >&5
conftest.c:72:6: warning: incompatible redeclaration of library function 'pow' [-Wincompatible-library-redeclaration]
char pow ();
     ^
conftest.c:72:6: note: 'pow' is a builtin with type 'double (double, double)'
1 warning generated.
configure:5033: $? = 0
configure:5033: result: yes
configure:5033: checking for select
configure:5033: gcc -o conftest -g -O2   conftest.c  >&5
configure:5033: $? = 0
configure:5033: result: yes
configure:5033: checking for socket
configure:5033: gcc -o conftest -g -O2   conftest.c  >&5
configure:5033: $? = 0
configure:5033: result: yes
configure:5033: checking for strcasecmp
configure:5033: gcc -o conftest -g -O2   conftest.c  >&5
conftest.c:75:6: warning: incompatible redeclaration of library function 'strcasecmp' [-Wincompatible-library-redeclaration]
char strcasecmp ();
     ^
conftest.c:75:6: note: 'strcasecmp' is a builtin with type 'int (const char *, const char *)'
1 warning generated.
configure:5033: $? = 0
configure:5033: result: yes
configure:5033: checking for strchr
configure:5033: gcc -o conftest -g -O2   conftest.c  >&5
conftest.c:76:6: warning: incompatible redeclaration of library function 'strchr' [-Wincompatible-library-redeclaration]
char strchr ();
     ^
conftest.c:76:6: note: 'strchr' is a builtin with type 'char *(const char *, int)'
1 warning generated.
configure:5033: $? = 0
configure:5033: result: yes
configure:5033: checking for strdup
configure:5033: gcc -o conftest -g -O2   conftest.c  >&5
conftest.c:77:6: warning: incompatible redeclaration of library function 'strdup' [-Wincompatible-library-redeclaration]
char strdup ();
     ^
conftest.c:77:6: note: 'strdup' is a builtin with type 'char *(const char *)'
1 warning generated.
configure:5033: $? = 0
configure:5033: result: yes
configure:5033: checking for strerror
configure:5033: gcc -o conftest -g -O2   conftest.c  >&5
conftest.c:78:6: warning: incompatible redeclaration of library function 'strerror' [-Wincompatible-library-redeclaration]
char strerror ();
     ^
conftest.c:78:6: note: 'strerror' is a builtin with type 'char *(int)'
1 warning generated.
configure:5033: $? = 0
configure:5033: result: yes
configure:5033: checking for strncasecmp
configure:5033: gcc -o conftest -g -O2   conftest.c  >&5
conftest.c:79:6: warning: incompatible redeclaration of library function 'strncasecmp' [-Wincompatible-library-redeclaration]
char strncasecmp ();
     ^
conftest.c:79:6: note: 'strncasecmp' is a builtin with type 'int (const char *, const char *, unsigned long)'
1 warning generated.
configure:5033: $? = 0
configure:5033: result: yes
configure:5033: checking for strlcat
configure:5033: gcc -o conftest -g -O2   conftest.c  >&5
conftest.c:80:6: warning: incompatible redeclaration of library function 'strlcat' [-Wincompatible-library-redeclaration]
char strlcat ();
     ^
conftest.c:80:6: note: 'strlcat' is a builtin with type 'unsigned long (char *, const char *, unsigned long)'
1 warning generated.
configure:5033: $? = 0
configure:5033: result: yes
configure:5033: checking for strlcpy
configure:5033: gcc -o conftest -g -O2   conftest.c  >&5
conftest.c:81:6: warning: incompatible redeclaration of library function 'strlcpy' [-Wincompatible-library-redeclaration]
char strlcpy ();
     ^
conftest.c:81:6: note: 'strlcpy' is a builtin with type 'unsigned long (char *, const char *, unsigned long)'
1 warning generated.
configure:5033: $? = 0
configure:5033: result: yes
configure:5033: checking for snprintf
configure:5033: gcc -o conftest -g -O2   conftest.c  >&5
conftest.c:82:6: warning: incompatible redeclaration of library function 'snprintf' [-Wincompatible-library-redeclaration]
char snprintf ();
     ^
conftest.c:82:6: note: 'snprintf' is a builtin with type 'int (char *, unsigned long, const char *, ...)'
1 warning generated.
configure:5033: $? = 0
configure:5033: result: yes
configure:5033: checking for memchr
configure:5033: gcc -o conftest -g -O2   conftest.c  >&5
conftest.c:83:6: warning: incompatible redeclaration of library function 'memchr' [-Wincompatible-library-redeclaration]
char memchr ();
     ^
conftest.c:83:6: note: 'memchr' is a builtin with type 'void *(const void *, int, unsigned long)'
1 warning generated.
configure:5033: $? = 0
configure:5033: result: yes
configure:5053: checking for libnet
configure:5074: result: yes
configure:5120: checking for libpcap
configure:5141: result: yes
configure:5187: checking for libdnet
configure:5209: result: yes
configure:5255: checking for OpenSSL
configure:5296: result: yes
configure:5510: checking that generated files are newer than configure
configure:5516: result: done
configure:5539: creating ./config.status

## ---------------------- ##
## Running config.status. ##
## ---------------------- ##

This file was extended by anubis config.status 1.1.2, which was
generated by GNU Autoconf 2.69.  Invocation command line was

  CONFIG_FILES    = 
  CONFIG_HEADERS  = 
  CONFIG_LINKS    = 
  CONFIG_COMMANDS = 
  $ ./config.status 

on TUTU-MacBook-Pro-Retina.local

config.status:897: creating Makefile
config.status:897: creating include/Makefile
config.status:897: creating src/Makefile
config.status:897: creating src/missing/Makefile
config.status:897: creating include/config.h
config.status:1078: include/config.h is unchanged
config.status:1126: executing depfiles commands

## ---------------- ##
## Cache variables. ##
## ---------------- ##

ac_cv_c_compiler_gnu=yes
ac_cv_c_inline=inline
ac_cv_c_int16_t=yes
ac_cv_c_int32_t=yes
ac_cv_c_int64_t=yes
ac_cv_c_int8_t=yes
ac_cv_c_uint16_t=yes
ac_cv_c_uint32_t=yes
ac_cv_c_uint64_t=yes
ac_cv_c_uint8_t=yes
ac_cv_env_CC_set=
ac_cv_env_CC_value=
ac_cv_env_CFLAGS_set=
ac_cv_env_CFLAGS_value=
ac_cv_env_CPPFLAGS_set=
ac_cv_env_CPPFLAGS_value=
ac_cv_env_CPP_set=
ac_cv_env_CPP_value=
ac_cv_env_LDFLAGS_set=
ac_cv_env_LDFLAGS_value=
ac_cv_env_LIBS_set=
ac_cv_env_LIBS_value=
ac_cv_env_build_alias_set=
ac_cv_env_build_alias_value=
ac_cv_env_host_alias_set=
ac_cv_env_host_alias_value=
ac_cv_env_target_alias_set=
ac_cv_env_target_alias_value=
ac_cv_func_fork=yes
ac_cv_func_fork_works=yes
ac_cv_func_getcwd=yes
ac_cv_func_gettimeofday=yes
ac_cv_func_malloc_0_nonnull=yes
ac_cv_func_memchr=yes
ac_cv_func_memmove=yes
ac_cv_func_memset=yes
ac_cv_func_pow=yes
ac_cv_func_realloc_0_nonnull=yes
ac_cv_func_select=yes
ac_cv_func_snprintf=yes
ac_cv_func_socket=yes
ac_cv_func_strcasecmp=yes
ac_cv_func_strchr=yes
ac_cv_func_strdup=yes
ac_cv_func_strerror=yes
ac_cv_func_strlcat=yes
ac_cv_func_strlcpy=yes
ac_cv_func_strncasecmp=yes
ac_cv_func_vfork=yes
ac_cv_func_vfork_works=yes
ac_cv_header_arpa_inet_h=yes
ac_cv_header_fcntl_h=yes
ac_cv_header_inttypes_h=yes
ac_cv_header_limits_h=yes
ac_cv_header_memory_h=yes
ac_cv_header_netdb_h=yes
ac_cv_header_netinet_in_h=yes
ac_cv_header_stdbool_h=yes
ac_cv_header_stdc=yes
ac_cv_header_stddef_h=yes
ac_cv_header_stdint_h=yes
ac_cv_header_stdlib_h=yes
ac_cv_header_string_h=yes
ac_cv_header_strings_h=yes
ac_cv_header_sys_param_h=yes
ac_cv_header_sys_socket_h=yes
ac_cv_header_sys_stat_h=yes
ac_cv_header_sys_time_h=yes
ac_cv_header_sys_types_h=yes
ac_cv_header_unistd_h=yes
ac_cv_header_vfork_h=no
ac_cv_header_wchar_h=yes
ac_cv_objext=o
ac_cv_path_EGREP='/usr/bin/grep -E'
ac_cv_path_GREP=/usr/bin/grep
ac_cv_path_install='/usr/bin/install -c'
ac_cv_prog_AWK=awk
ac_cv_prog_CPP='gcc -E'
ac_cv_prog_ac_ct_CC=gcc
ac_cv_prog_cc_c89=
ac_cv_prog_cc_g=yes
ac_cv_prog_make_make_set=yes
ac_cv_type__Bool=yes
ac_cv_type_pid_t=yes
ac_cv_type_size_t=yes
ac_cv_type_ssize_t=yes
am_cv_CC_dependencies_compiler_type=gcc3
am_cv_make_support_nested_variables=yes
am_cv_prog_cc_c_o=yes

## ----------------- ##
## Output variables. ##
## ----------------- ##

ACLOCAL='${SHELL} /Volumes/Transcend/Dropbox/專研/Anubis/Anubis/missing aclocal-1.15'
AMDEPBACKSLASH='\'
AMDEP_FALSE='#'
AMDEP_TRUE=''
AMTAR='$${TAR-tar}'
AM_BACKSLASH='\'
AM_DEFAULT_V='$(AM_DEFAULT_VERBOSITY)'
AM_DEFAULT_VERBOSITY='1'
AM_V='$(V)'
AUTOCONF='${SHELL} /Volumes/Transcend/Dropbox/專研/Anubis/Anubis/missing autoconf'
AUTOHEADER='${SHELL} /Volumes/Transcend/Dropbox/專研/Anubis/Anubis/missing autoheader'
AUTOMAKE='${SHELL} /Volumes/Transcend/Dropbox/專研/Anubis/Anubis/missing automake-1.15'
AWK='awk'
CC='gcc'
CCDEPMODE='depmode=gcc3'
CFLAGS='-g -O2 -std=c99 -D _GNU_SOURCE -include config.h -I/usr/local/TU/libpcap/include -I/usr/local/TU/libnet/include -I/usr/local/TU/libdnet/include -I/usr/local/TU/openssl/darwin64-x86_64-cc/include -I/usr/local/TU/openssl/darwin64-x86_64-cc/include'
CPP='gcc -E'
CPPFLAGS=''
CYGPATH_W='echo'
DEFS='-DHAVE_CONFIG_H'
DEPDIR='.deps'
ECHO_C='\c'
ECHO_N=''
ECHO_T=''
EGREP='/usr/bin/grep -E'
EXEEXT=''
GREP='/usr/bin/grep'
INSTALL_DATA='${INSTALL} -m 644'
INSTALL_PROGRAM='${INSTALL}'
INSTALL_SCRIPT='${INSTALL}'
INSTALL_STRIP_PROGRAM='$(install_sh) -c -s'
LDFLAGS=' -L/usr/local/TU/libpcap/lib -L/usr/local/TU/libnet/lib -L/usr/local/TU/libdnet/lib -L/usr/local/TU/openssl/darwin64-x86_64-cc/lib -L/usr/local/TU/openssl/darwin64-x86_64-cc/lib'
LIBOBJS=''
LIBS=' -lm -lpcap -lnet -ldnet -lssl -lcrypto'
LTLIBOBJS=''
MAKEINFO='${SHELL} /Volumes/Transcend/Dropbox/專研/Anubis/Anubis/missing makeinfo'
MKDIR_P='./install-sh -c -d'
OBJEXT='o'
PACKAGE='anubis'
PACKAGE_BUGREPORT='jr89197@hotmail.com'
PACKAGE_NAME='anubis'
PACKAGE_STRING='anubis 1.1.2'
PACKAGE_TARNAME='anubis'
PACKAGE_URL=''
PACKAGE_VERSION='1.1.2'
PATH_SEPARATOR=':'
SET_MAKE=''
SHELL='/bin/sh'
STRIP=''
VERSION='1.1.2'
ac_ct_CC='gcc'
am__EXEEXT_FALSE=''
am__EXEEXT_TRUE='#'
am__fastdepCC_FALSE='#'
am__fastdepCC_TRUE=''
am__include='include'
am__isrc=''
am__leading_dot='.'
am__nodep='_no'
am__quote=''
am__tar='$${TAR-tar} chof - "$$tardir"'
am__untar='$${TAR-tar} xf -'
bindir='${exec_prefix}/bin'
build_alias=''
datadir='${datarootdir}'
datarootdir='${prefix}/share'
docdir='${datarootdir}/doc/${PACKAGE_TARNAME}'
dvidir='${docdir}'
exec_prefix='${prefix}'
host_alias=''
htmldir='${docdir}'
includedir='${prefix}/include'
infodir='${datarootdir}/info'
install_sh='${SHELL} /Volumes/Transcend/Dropbox/專研/Anubis/Anubis/install-sh'
libdir='${exec_prefix}/lib'
libexecdir='${exec_prefix}/libexec'
localedir='${datarootdir}/locale'
localstatedir='${prefix}/var'
mandir='${datarootdir}/man'
mkdir_p='$(MKDIR_P)'
oldincludedir='/usr/include'
pdfdir='${docdir}'
prefix='/usr/local'
program_transform_name='s,x,x,'
psdir='${docdir}'
sbindir='${exec_prefix}/sbin'
sharedstatedir='${prefix}/com'
sysconfdir='${prefix}/etc'
target_alias=''

## ----------- ##
## confdefs.h. ##
## ----------- ##

/* confdefs.h */
#define PACKAGE_NAME "anubis"
#define PACKAGE_TARNAME "anubis"
#define PACKAGE_VERSION "1.1.2"
#define PACKAGE_STRING "anubis 1.1.2"
#define PACKAGE_BUGREPORT "jr89197@hotmail.com"
#define PACKAGE_URL ""
#define PACKAGE "anubis"
#define VERSION "1.1.2"
#define STDC_HEADERS 1
#define HAVE_SYS_TYPES_H 1
#define HAVE_SYS_STAT_H 1
#define HAVE_STDLIB_H 1
#define HAVE_STRING_H 1
#define HAVE_MEMORY_H 1
#define HAVE_STRINGS_H 1
#define HAVE_INTTYPES_H 1
#define HAVE_STDINT_H 1
#define HAVE_UNISTD_H 1
#define HAVE_ARPA_INET_H 1
#define HAVE_FCNTL_H 1
#define HAVE_INTTYPES_H 1
#define HAVE_LIMITS_H 1
#define HAVE_NETDB_H 1
#define HAVE_NETINET_IN_H 1
#define HAVE_STDINT_H 1
#define HAVE_STDLIB_H 1
#define HAVE_STRING_H 1
#define HAVE_SYS_PARAM_H 1
#define HAVE_SYS_SOCKET_H 1
#define HAVE_SYS_TIME_H 1
#define HAVE_UNISTD_H 1
#define HAVE_WCHAR_H 1
#define HAVE_STDDEF_H 1
#define HAVE__BOOL 1
#define HAVE_FORK 1
#define HAVE_VFORK 1
#define HAVE_WORKING_VFORK 1
#define HAVE_WORKING_FORK 1
#define HAVE_STDLIB_H 1
#define HAVE_MALLOC 1
#define HAVE_STDLIB_H 1
#define HAVE_REALLOC 1
#define HAVE_GETCWD 1
#define HAVE_GETTIMEOFDAY 1
#define HAVE_MEMMOVE 1
#define HAVE_MEMSET 1
#define HAVE_POW 1
#define HAVE_SELECT 1
#define HAVE_SOCKET 1
#define HAVE_STRCASECMP 1
#define HAVE_STRCHR 1
#define HAVE_STRDUP 1
#define HAVE_STRERROR 1
#define HAVE_STRNCASECMP 1
#define HAVE_STRLCAT 1
#define HAVE_STRLCPY 1
#define HAVE_SNPRINTF 1
#define HAVE_MEMCHR 1

configure: exit 0
